0 info it worked if it ends with ok
1 verbose cli [ 'C:\\Program Files\\nodejs\\node.exe',
1 verbose cli   'C:\\Program Files\\nodejs\\node_modules\\npm\\bin\\npm-cli.js',
1 verbose cli   'run',
1 verbose cli   'start' ]
2 info using npm@3.10.9
3 info using node@v6.9.2
4 verbose run-script [ 'prestart', 'start', 'poststart' ]
5 info lifecycle hooked-with-an-edge-web@1.0.0~prestart: hooked-with-an-edge-web@1.0.0
6 silly lifecycle hooked-with-an-edge-web@1.0.0~prestart: no script for prestart, continuing
7 info lifecycle hooked-with-an-edge-web@1.0.0~start: hooked-with-an-edge-web@1.0.0
8 verbose lifecycle hooked-with-an-edge-web@1.0.0~start: unsafe-perm in lifecycle true
9 verbose lifecycle hooked-with-an-edge-web@1.0.0~start: PATH: C:\Program Files\nodejs\node_modules\npm\bin\node-gyp-bin;C:\Users\chris\Code\hooked-with-an-edge-web\node_modules\.bin;C:\Program Files\cmder\bin;C:\Program Files\cmder\vendor\git-for-windows\cmd;C:\Program Files\cmder\vendor\conemu-maximus5\ConEmu\Scripts;C:\Program Files\cmder\vendor\conemu-maximus5;C:\Program Files\cmder\vendor\conemu-maximus5\ConEmu;C:\Python35\Scripts\;C:\Python35\;C:\Program Files\Docker\Docker\Resources\bin;C:\Program Files (x86)\Microsoft Visual Studio 14.0\Common7\IDE\Extensions\Microsoft\Windows Azure Tools\Docker\;C:\tools\ruby22\bin;C:\python27_x64\;C:\python27_x64\Scripts;C:\WINDOWS\system32;C:\WINDOWS;C:\WINDOWS\System32\Wbem;C:\WINDOWS\System32\WindowsPowerShell\v1.0\;C:\Users\chris\.dnx\bin;C:\ProgramData\chocolatey\bin;C:\Program Files\Mercurial;C:\Program Files\TortoiseHg\;C:\Program Files (x86)\Google\Cloud SDK\google-cloud-sdk\bin;C:\Program Files (x86)\Skype\Phone\;C:\Program Files\Microsoft SQL Server\120\Tools\Binn\;C:\Program Files\Microsoft SQL Server\Client SDK\ODBC\110\Tools\Binn\;C:\Program Files (x86)\Microsoft SQL Server\120\Tools\Binn\;C:\Program Files\Microsoft SQL Server\120\DTS\Binn\;C:\Program Files (x86)\Microsoft SQL Server\120\Tools\Binn\ManagementStudio\;C:\Program Files (x86)\Microsoft SQL Server\120\DTS\Binn\;C:\Program Files\Microsoft\Web Platform Installer\;C:\Program Files\OpenVPN\bin;C:\Program Files\DNX\runtimes\dnx-clr-win-x86.1.0.0-rc1-update1\bin;C:\Program Files\Microsoft SQL Server\130\Tools\Binn\;C:\Program Files\dotnet\;C:\Program Files\Microsoft DNX\Dnvm\;C:\Program Files\Java\jdk1.8.0_92\bin;C:\Users\chris\AppData\Local\Android\sdk\platform-tools;C:\Users\chris\AppData\Local\Android\sdk\tools;C:\Program Files (x86)\NVIDIA Corporation\PhysX\Common;C:\WINDOWS\system32;C:\WINDOWS;C:\WINDOWS\System32\Wbem;C:\WINDOWS\System32\WindowsPowerShell\v1.0\;C:\Program Files\nodejs\;C:\Users\chris\.dnx\runtimes\dnx-clr-win-x86.1.0.0-rc1-update2\bin;C:\Ruby22\bin;C:\Program Files\Mercurial\;C:\Users\chris\AppData\Local\atom\bin;C:\PROGRA~2\Oracle\VirtualBox;C:\Program Files\kdiff3;C:\Program Files (x86)\Microsoft VS Code\bin;C:\Program Files\Docker Toolbox;C:\Users\chris\AppData\Local\Microsoft\WindowsApps;C:\Users\chris\AppData\Roaming\npm;C:\Program Files\cmder\vendor\git-for-windows\usr\bin;C:\Program Files\cmder\vendor\git-for-windows\usr\share\vim\vim74;C:\Program Files\cmder\
10 verbose lifecycle hooked-with-an-edge-web@1.0.0~start: CWD: C:\Users\chris\Code\hooked-with-an-edge-web
11 silly lifecycle hooked-with-an-edge-web@1.0.0~start: Args: [ '/d /s /c', 'webpack-dev-server --inline --hot --open' ]
12 verbose stack Error: kill ENOSYS
12 verbose stack     at exports._errnoException (util.js:1022:11)
12 verbose stack     at process.kill (internal/process.js:172:13)
12 verbose stack     at process.listener (C:\Program Files\nodejs\node_modules\npm\node_modules\npmlog\node_modules\gauge\node_modules\signal-exit\index.js:86:15)
12 verbose stack     at emitNone (events.js:91:20)
12 verbose stack     at process.emit (events.js:185:7)
12 verbose stack     at processEmit (C:\Program Files\nodejs\node_modules\npm\node_modules\npmlog\node_modules\gauge\node_modules\signal-exit\index.js:146:32)
12 verbose stack     at processEmit (C:\Program Files\nodejs\node_modules\npm\node_modules\npm-registry-client\node_modules\npmlog\node_modules\gauge\node_modules\signal-exit\index.js:146:32)
12 verbose stack     at Signal.wrap.onsignal (internal/process.js:199:44)
13 verbose cwd C:\Users\chris\Code\hooked-with-an-edge-web
14 error Windows_NT 10.0.14393
15 error argv "C:\\Program Files\\nodejs\\node.exe" "C:\\Program Files\\nodejs\\node_modules\\npm\\bin\\npm-cli.js" "run" "start"
16 error node v6.9.2
17 error npm  v3.10.9
18 error code ENOSYS
19 error errno ENOSYS
20 error syscall kill
21 error kill ENOSYS
22 error If you need help, you may report this error at:
22 error     <https://github.com/npm/npm/issues>
23 verbose exit [ 1, true ]
